ESP-ROM:esp32s3-20210327
Build:Mar 27 2021
rst:0x1 (POWERON),boot:0x8 (SPI_FAST_FLASH_BOOT)
SPIWP:0xee
mode:DIO, clock div:1
load:0x3fce3808,len:0x128
load:0x403c9700,len:0xb90
[33m=> 0x403c9700: ?? ??:0[0m
load:0x403cc700,len:0x28cc
[33m=> 0x403cc700: ?? ??:0[0m
entry 0x403c98b8
[33m=> 0x403c98b8: ?? ??:0[0m

Clearing old WiFi credentials...
Connecting to SSID: ZANE-IOT
...
Mode: STA
Channel: 1
SSID (8): ZANE-IOT
Passphrase (8): JimmyP42
BSSID set: 0
✅ Connected!
IP: 192.168.0.218
